help -a
Date: martes, 31 de diciembre de 2013, 08:30:00 CET
--git-dir= config --get-regexp alias\..*
Date: martes, 31 de diciembre de 2013, 08:30:00 CET
achievements --help
Date: martes, 31 de diciembre de 2013, 08:30:08 CET
achievements --help
Date: martes, 31 de diciembre de 2013, 08:30:35 CET
achievements -l
Date: martes, 31 de diciembre de 2013, 08:30:58 CET
achievements --list
Date: martes, 31 de diciembre de 2013, 08:31:07 CET
achievements --list
Date: martes, 31 de diciembre de 2013, 08:31:27 CET
help -a
Date: martes, 31 de diciembre de 2013, 08:39:46 CET
--git-dir=.git config --get-regexp alias\..*
Date: martes, 31 de diciembre de 2013, 08:39:46 CET
--git-dir=.git config --get-regexp alias\..*
Date: martes, 31 de diciembre de 2013, 08:39:47 CET
--git-dir=.git config --get-regexp alias\..*
Date: martes, 31 de diciembre de 2013, 08:40:47 CET
--git-dir=.git config --get-regexp alias\..*
Date: martes, 31 de diciembre de 2013, 08:40:47 CET
--git-dir=.git config --get-regexp alias\..*
Date: martes, 31 de diciembre de 2013, 08:40:51 CET
--git-dir=.git config --get-regexp alias\..*
Date: martes, 31 de diciembre de 2013, 08:40:51 CET
achievements
Date: martes, 31 de diciembre de 2013, 08:40:54 CET
achievements -l
Date: martes, 31 de diciembre de 2013, 08:40:58 CET
achievements -p
Date: martes, 31 de diciembre de 2013, 08:41:08 CET
config --global achievement.upload true
Date: martes, 31 de diciembre de 2013, 08:41:44 CET
achievements -p
Date: martes, 31 de diciembre de 2013, 08:42:04 CET
push origin master
Date: martes, 31 de diciembre de 2013, 08:44:41 CET
achievements --list
Date: martes, 31 de diciembre de 2013, 08:45:20 CET
help -a
Date: martes, 31 de diciembre de 2013, 08:46:42 CET
--git-dir= config --get-regexp alias\..*
Date: martes, 31 de diciembre de 2013, 08:46:42 CET
achievements --list
Date: martes, 31 de diciembre de 2013, 08:46:44 CET
--git-dir=.git config --get-regexp alias\..*
Date: martes, 31 de diciembre de 2013, 08:48:00 CET
help -a
Date: martes, 31 de diciembre de 2013, 09:04:00 CET
--git-dir= config --get-regexp alias\..*
Date: martes, 31 de diciembre de 2013, 09:04:01 CET
help -a
Date: martes, 31 de diciembre de 2013, 09:09:11 CET
--git-dir= config --get-regexp alias\..*
Date: martes, 31 de diciembre de 2013, 09:09:11 CET
help -a
Date: martes, 31 de diciembre de 2013, 09:09:42 CET
--git-dir= config --get-regexp alias\..*
Date: martes, 31 de diciembre de 2013, 09:09:42 CET
checkout master
Date: martes, 31 de diciembre de 2013, 11:43:36 CET
remote -v
Date: martes, 31 de diciembre de 2013, 13:26:51 CET
remote remove origin
Date: martes, 31 de diciembre de 2013, 13:27:16 CET
remote add origin ssh://CAM@10.134.224.101/Users/CAM/www/STAGING/admincajerosv3.prepro
Date: martes, 31 de diciembre de 2013, 13:27:58 CET
remote -v
Date: martes, 31 de diciembre de 2013, 13:28:04 CET
status -sb
Date: martes, 31 de diciembre de 2013, 13:31:44 CET
remote -v
Date: martes, 31 de diciembre de 2013, 13:43:26 CET
remote -v
Date: martes, 31 de diciembre de 2013, 13:52:14 CET
status -sb
Date: jueves,  2 de enero de 2014, 08:28:26 CET
status
Date: jueves,  2 de enero de 2014, 08:28:29 CET
status
Date: jueves,  2 de enero de 2014, 08:28:41 CET
status -sb
Date: jueves,  2 de enero de 2014, 08:28:46 CET
diff
Date: jueves,  2 de enero de 2014, 08:28:51 CET
diff
Date: jueves,  2 de enero de 2014, 08:29:05 CET
commit -am la ruta del composer.phar es https no http
Date: jueves,  2 de enero de 2014, 08:29:35 CET
help -a
Date: jueves,  2 de enero de 2014, 08:29:51 CET
--git-dir=.git config --get-regexp alias\..*
Date: jueves,  2 de enero de 2014, 08:29:51 CET
--git-dir=.git config --get-regexp alias\..*
Date: jueves,  2 de enero de 2014, 08:29:51 CET
--git-dir=.git config --get-regexp alias\..*
Date: jueves,  2 de enero de 2014, 08:29:53 CET
achievements
Date: jueves,  2 de enero de 2014, 08:29:56 CET
achievements -l
Date: jueves,  2 de enero de 2014, 08:30:03 CET
status -sb
Date: jueves,  2 de enero de 2014, 08:33:05 CET
checkout -b develop
Date: jueves,  2 de enero de 2014, 08:40:06 CET
log -p
Date: jueves,  2 de enero de 2014, 08:41:31 CET
log --graph --pretty=format:'%C(magenta)%h%C(reset) %C(yellow)%d%C(reset) %s - %C(blue)%cr%C(reset) - %C(black)%an%C(reset)'
Date: jueves,  2 de enero de 2014, 08:41:58 CET
achievements -l
Date: jueves,  2 de enero de 2014, 10:01:23 CET
achievements -p
Date: jueves,  2 de enero de 2014, 10:02:14 CET
achievements -p
Date: jueves,  2 de enero de 2014, 10:07:52 CET
status -sb
Date: jueves,  2 de enero de 2014, 10:09:51 CET
commit -am estilo bootstrap
Date: jueves,  2 de enero de 2014, 10:12:19 CET
fetch origin gh-pages
Date: jueves,  2 de enero de 2014, 10:12:53 CET
help -a
Date: jueves,  2 de enero de 2014, 10:16:22 CET
--git-dir=.git config --get-regexp alias\..*
Date: jueves,  2 de enero de 2014, 10:16:22 CET
--git-dir=.git config --get-regexp alias\..*
Date: jueves,  2 de enero de 2014, 10:18:33 CET
--git-dir=.git config --get-regexp alias\..*
Date: jueves,  2 de enero de 2014, 10:18:38 CET
achievements
Date: jueves,  2 de enero de 2014, 10:18:39 CET
achievements
Date: jueves,  2 de enero de 2014, 10:18:43 CET
status -sb
Date: jueves,  2 de enero de 2014, 10:58:03 CET
diff
Date: jueves,  2 de enero de 2014, 10:58:11 CET
remote -v
Date: jueves,  2 de enero de 2014, 11:12:32 CET
status -sb
Date: jueves,  2 de enero de 2014, 11:39:04 CET
log --graph --pretty=format:'%C(magenta)%h%C(reset) %C(yellow)%d%C(reset) %s - %C(blue)%cr%C(reset) - %C(black)%an%C(reset)'
Date: jueves,  2 de enero de 2014, 11:39:08 CET
remote -v
Date: jueves,  2 de enero de 2014, 13:05:09 CET
fetch origin master
Date: jueves,  2 de enero de 2014, 13:20:50 CET
status -sb
Date: jueves,  2 de enero de 2014, 13:31:24 CET
commit -am test 4 passed
Date: jueves,  2 de enero de 2014, 13:31:30 CET
log --graph --pretty=format:'%C(magenta)%h%C(reset) %C(yellow)%d%C(reset) %s - %C(blue)%cr%C(reset) - %C(black)%an%C(reset)'
Date: jueves,  2 de enero de 2014, 13:34:34 CET
achievements -l
Date: jueves,  2 de enero de 2014, 13:34:49 CET
status -sb
Date: jueves,  2 de enero de 2014, 13:44:59 CET
commit -am parametros de prepro, en parameters.yml.dist
Date: jueves,  2 de enero de 2014, 13:45:29 CET
status -sb
Date: jueves,  2 de enero de 2014, 13:52:10 CET
commit -am nombre de la bd prepro en parmaeters.yml.dist
Date: jueves,  2 de enero de 2014, 13:52:32 CET
status -sb
Date: jueves,  2 de enero de 2014, 18:25:54 CET
commit -am el composer.lock añadido al gitignore
Date: jueves,  2 de enero de 2014, 18:26:06 CET
status -sb
Date: jueves,  2 de enero de 2014, 19:00:07 CET
commit -am test para ftpmanager
Date: jueves,  2 de enero de 2014, 19:00:21 CET
status -sb
Date: viernes,  3 de enero de 2014, 08:38:59 CET
status -sb
Date: viernes,  3 de enero de 2014, 08:39:12 CET
status -sb
Date: viernes,  3 de enero de 2014, 08:39:18 CET
status -sb
Date: viernes,  3 de enero de 2014, 08:57:24 CET
diff
Date: viernes,  3 de enero de 2014, 08:57:26 CET
status -sb
Date: viernes,  3 de enero de 2014, 08:58:39 CET
diff
Date: viernes,  3 de enero de 2014, 08:58:41 CET
commit -am testFtpConexion para probar el servicio ftpmanager a pelo
Date: viernes,  3 de enero de 2014, 08:59:06 CET
status -sb
Date: viernes,  3 de enero de 2014, 09:52:11 CET
status -sb
Date: viernes,  3 de enero de 2014, 09:52:55 CET
commit -am diseño bootstrap
Date: viernes,  3 de enero de 2014, 09:53:15 CET
help -a
Date: viernes,  3 de enero de 2014, 09:53:25 CET
--git-dir=.git config --get-regexp alias\..*
Date: viernes,  3 de enero de 2014, 09:53:26 CET
--git-dir=.git config --get-regexp alias\..*
Date: viernes,  3 de enero de 2014, 09:53:26 CET
achievements -p
Date: viernes,  3 de enero de 2014, 09:53:34 CET
status -sb
Date: viernes,  3 de enero de 2014, 09:57:11 CET
commit -am character $ must be scaped
Date: viernes,  3 de enero de 2014, 09:57:35 CET
achievements -p
Date: viernes,  3 de enero de 2014, 09:57:41 CET
commit -am unstyled list
Date: viernes,  3 de enero de 2014, 09:58:23 CET
achievements -p
Date: viernes,  3 de enero de 2014, 09:58:28 CET
status -sb
Date: viernes,  3 de enero de 2014, 09:59:15 CET
log --graph --pretty=format:'%C(magenta)%h%C(reset) %C(yellow)%d%C(reset) %s - %C(blue)%cr%C(reset) - %C(black)%an%C(reset)'
Date: viernes,  3 de enero de 2014, 10:01:53 CET
status -sb
Date: viernes,  3 de enero de 2014, 10:01:55 CET
--git-dir=.git config --get-regexp alias\..*
Date: viernes,  3 de enero de 2014, 10:02:03 CET
achievements -p
Date: viernes,  3 de enero de 2014, 10:02:05 CET
status -sb
Date: viernes,  3 de enero de 2014, 10:02:41 CET
achievements -p
Date: viernes,  3 de enero de 2014, 10:03:21 CET
achievements -p
Date: viernes,  3 de enero de 2014, 10:06:03 CET
achievements -p
Date: viernes,  3 de enero de 2014, 10:07:25 CET
achievements -p
Date: viernes,  3 de enero de 2014, 10:08:46 CET
achievements -p
Date: viernes,  3 de enero de 2014, 10:09:26 CET
achievements -p
Date: viernes,  3 de enero de 2014, 10:11:10 CET
achievements -p
Date: viernes,  3 de enero de 2014, 10:11:37 CET
achievements -p
Date: viernes,  3 de enero de 2014, 10:56:16 CET
achievements -p
Date: viernes,  3 de enero de 2014, 10:57:32 CET
achievements -p
Date: viernes,  3 de enero de 2014, 12:41:04 CET
achievements -p
Date: viernes,  3 de enero de 2014, 12:42:13 CET
achievements -p
Date: viernes,  3 de enero de 2014, 12:44:05 CET
achievements -p
Date: viernes,  3 de enero de 2014, 12:45:04 CET
achievements -p
Date: viernes,  3 de enero de 2014, 12:47:29 CET
achievements -p
Date: viernes,  3 de enero de 2014, 12:47:45 CET
achievements -p
Date: viernes,  3 de enero de 2014, 12:48:07 CET
achievements -p
Date: viernes,  3 de enero de 2014, 12:48:47 CET
achievements -p
Date: viernes,  3 de enero de 2014, 12:50:28 CET
achievements -p
Date: viernes,  3 de enero de 2014, 13:01:32 CET
status -sb
Date: viernes,  3 de enero de 2014, 13:02:15 CET
achievements -p
Date: viernes,  3 de enero de 2014, 13:03:42 CET
status -sb
Date: viernes,  3 de enero de 2014, 13:03:46 CET
commit -am bootstrap 3 themed
Date: viernes,  3 de enero de 2014, 13:03:56 CET
status -sb
Date: viernes,  3 de enero de 2014, 13:05:04 CET
push origin gh-pages
Date: viernes,  3 de enero de 2014, 13:05:48 CET
status -sb
Date: viernes,  3 de enero de 2014, 13:06:07 CET
achievements -p
Date: viernes,  3 de enero de 2014, 13:08:03 CET
commit -am typo
Date: viernes,  3 de enero de 2014, 13:09:33 CET
achievements -p
Date: viernes,  3 de enero de 2014, 13:09:36 CET
achievements -p
Date: viernes,  3 de enero de 2014, 13:10:36 CET
achievements -p
Date: viernes,  3 de enero de 2014, 13:11:19 CET
status -sb
Date: viernes,  3 de enero de 2014, 13:15:41 CET
diff
Date: viernes,  3 de enero de 2014, 13:15:44 CET
commit -am more styling, almost done...
Date: viernes,  3 de enero de 2014, 13:16:03 CET
push origin gh-pages
Date: viernes,  3 de enero de 2014, 13:16:20 CET
achievements -p
Date: viernes,  3 de enero de 2014, 13:16:35 CET
clone https://github.com/guilu/guilu.github.io.git
Date: viernes,  3 de enero de 2014, 14:28:46 CET
status -sb
Date: viernes,  3 de enero de 2014, 14:31:38 CET
commit -am cleaning up....
Date: viernes,  3 de enero de 2014, 14:31:49 CET
push origin master
Date: viernes,  3 de enero de 2014, 14:31:59 CET
status -sb
Date: viernes,  3 de enero de 2014, 14:32:58 CET
commit -am typo
Date: viernes,  3 de enero de 2014, 14:33:02 CET
push origin master
Date: viernes,  3 de enero de 2014, 14:33:16 CET
remote -v
Date: mar ene  7 09:45:44 CET 2014
help -a
Date: mar ene  7 09:45:58 CET 2014
--git-dir=.git config --get-regexp alias\..*
Date: mar ene  7 09:45:58 CET 2014
branch --set-upstream-to=origin/master
Date: mar ene  7 09:47:57 CET 2014
status -sb
Date: mar ene  7 10:03:38 CET 2014
log --graph --pretty=format:'%C(magenta)%h%C(reset) %C(yellow)%d%C(reset) %s - %C(blue)%cr%C(reset) - %C(black)%an%C(reset)'
Date: mar ene  7 10:04:16 CET 2014
log --graph --pretty=format:'%C(magenta)%h%C(reset) %C(yellow)%d%C(reset) %s - %C(blue)%cr%C(reset) - %C(black)%an%C(reset)'
Date: mar ene  7 10:05:15 CET 2014
status -sb
Date: mar ene  7 10:06:48 CET 2014
log --graph --pretty=format:'%C(magenta)%h%C(reset) %C(yellow)%d%C(reset) %s - %C(blue)%cr%C(reset) - %C(black)%an%C(reset)'
Date: mar ene  7 10:07:11 CET 2014
status -sb
Date: mar ene  7 10:08:18 CET 2014
fetch origin master
Date: mar ene  7 10:08:20 CET 2014
status -sb
Date: mar ene  7 12:13:54 CET 2014
commit -am marcar los lotes seleccionados en la cabecera del lote
Date: mar ene  7 12:14:10 CET 2014
clone git://github.com/opensky/Symfony2-coding-standard.git Symfony2
Date: mar ene  7 14:24:53 CET 2014
status -sb
Date: mar ene  7 19:33:27 CET 2014
clone git@diegobarrioh.dyndns.org:/git/labs labs
Date: mar ene  7 19:37:21 CET 2014
add .
Date: mar ene  7 19:38:05 CET 2014
status -sb
Date: mar ene  7 19:43:17 CET 2014
status -sb
Date: mar ene  7 19:43:35 CET 2014
status -sb
Date: mar ene  7 19:44:27 CET 2014
status -sb
Date: mar ene  7 19:45:18 CET 2014
status -sb
Date: mar ene  7 19:45:34 CET 2014
status -sb
Date: mar ene  7 19:47:42 CET 2014
stash
Date: mar ene  7 19:49:06 CET 2014
stash
Date: mar ene  7 19:49:40 CET 2014
stash --help
Date: mar ene  7 19:50:10 CET 2014
stash list
Date: mar ene  7 19:50:15 CET 2014
stash show
Date: mar ene  7 19:50:25 CET 2014
tag 1.0
Date: mar ene  7 19:50:33 CET 2014
status -sb
Date: mar ene  7 19:50:51 CET 2014
log --graph --pretty=format:'%C(magenta)%h%C(reset) %C(yellow)%d%C(reset) %s - %C(blue)%cr%C(reset) - %C(black)%an%C(reset)'
Date: mar ene  7 19:50:53 CET 2014
log --graph --pretty=format:'%C(magenta)%h%C(reset) %C(yellow)%d%C(reset) %s - %C(blue)%cr%C(reset) - %C(cyan)%an%C(reset)'
Date: mar ene  7 19:51:28 CET 2014
log --graph --pretty=format:'%C(magenta)%h%C(reset) %C(yellow)%d%C(reset) %s - %C(blue)%cr%C(reset) - %C(black bold)%an%C(reset)'
Date: mar ene  7 19:51:40 CET 2014
log --graph --pretty=format:'%C(magenta)%h%C(reset) %C(yellow)%d%C(reset) %s - %C(blue)%cr%C(reset) - %C(magenta bold)%an%C(reset)'
Date: mar ene  7 19:52:02 CET 2014
log --graph --pretty=format:'%C(magenta)%h%C(reset) %C(yellow)%d%C(reset) %s - %C(blue)%cr%C(reset) - %C(magenta bold)%an%C(reset)'
Date: mar ene  7 19:52:31 CET 2014
log --graph --pretty=format:'%C(magenta)%h%C(reset) %C(yellow)%d%C(reset) %s - %C(blue)%cr%C(reset) - %C(magenta bold)%an%C(reset)'
Date: mar ene  7 19:53:16 CET 2014
log --graph --pretty=format:'%C(magenta)%h%C(reset) %C(yellow)%d%C(reset) %s - %C(blue)%cr%C(reset) %C(magenta bold)%an%C(reset)'
Date: mar ene  7 19:53:28 CET 2014
log --graph --pretty=format:'%C(magenta)%h%C(reset) %C(yellow)%d%C(reset) %s - %C(blue)%cr%C(reset) %C(magenta bold)(%an)%C(reset)'
Date: mar ene  7 19:53:37 CET 2014
status -sb
Date: mar ene  7 19:54:11 CET 2014
add pr4-dev.txt
Date: mar ene  7 19:54:15 CET 2014
tag version1.0
Date: mar ene  7 19:56:11 CET 2014
log --graph --pretty=format:'%C(magenta)%h%C(reset) %C(yellow)%d%C(reset) %s - %C(blue)%cr%C(reset) %C(magenta bold)(%an)%C(reset)'
Date: mar ene  7 19:56:24 CET 2014
tag delete 1.0
Date: mar ene  7 19:56:42 CET 2014
status -sb
Date: mié ene  8 08:22:06 CET 2014
status -sb
Date: mié ene  8 08:34:16 CET 2014
status -sb
Date: mié ene  8 14:21:38 CET 2014
add .
Date: mié ene  8 14:50:18 CET 2014
achievements -p
Date: mié ene  8 14:51:49 CET 2014
status -sb
Date: mié ene  8 14:52:32 CET 2014
add .
Date: mié ene  8 14:52:34 CET 2014
status -sb
Date: mié ene  8 14:52:44 CET 2014
commit -am Generacion de lotes completa y LoteGenerado entity, planificacion menos LotePlanificado entity
Date: mié ene  8 14:53:33 CET 2014
status -sb
Date: mié ene  8 14:55:56 CET 2014
commit -am added parameters to dist
Date: mié ene  8 14:56:20 CET 2014
status -sb
Date: jue ene  9 09:38:33 CET 2014
diff
Date: jue ene  9 09:38:40 CET 2014
commit -am parameters.yml.dist
Date: jue ene  9 09:48:00 CET 2014
branch
Date: jue ene  9 09:48:26 CET 2014
checkout develop
Date: jue ene  9 09:48:32 CET 2014
status -sb
Date: jue ene  9 09:48:33 CET 2014
merge master
Date: jue ene  9 09:48:59 CET 2014
flow feature start lotes-wizard
Date: jue ene  9 09:50:23 CET 2014
clone https://github.com/amoffat/bootstrap-application-wizard.git
Date: jue ene  9 09:55:56 CET 2014
checkout develop
Date: jue ene  9 18:49:29 CET 2014
status -sb
Date: jue ene  9 18:50:00 CET 2014
status -sb
Date: jue ene  9 18:50:27 CET 2014
log --graph --pretty=format:'%C(magenta)%h%C(reset) %C(yellow)%d%C(reset) %s - %C(blue)%cr%C(reset) %C(magenta bold)(%an)%C(reset)'
Date: jue ene  9 18:50:34 CET 2014
checkout master
Date: jue ene  9 18:51:03 CET 2014
status -sb
Date: jue ene  9 18:51:11 CET 2014
reset --soft HEAD^
Date: jue ene  9 18:51:22 CET 2014
status -sb
Date: jue ene  9 18:51:24 CET 2014
diff
Date: jue ene  9 18:51:40 CET 2014
log --graph --pretty=format:'%C(magenta)%h%C(reset) %C(yellow)%d%C(reset) %s - %C(blue)%cr%C(reset) %C(magenta bold)(%an)%C(reset)'
Date: jue ene  9 18:51:51 CET 2014
checkout develop
Date: jue ene  9 18:51:57 CET 2014
status -sb
Date: jue ene  9 18:51:59 CET 2014
log --graph --pretty=format:'%C(magenta)%h%C(reset) %C(yellow)%d%C(reset) %s - %C(blue)%cr%C(reset) %C(magenta bold)(%an)%C(reset)'
Date: jue ene  9 18:52:06 CET 2014
log --graph --pretty=format:'%C(magenta)%h%C(reset) %C(yellow)%d%C(reset) %s - %C(blue)%cr%C(reset) %C(magenta bold)(%an)%C(reset)'
Date: jue ene  9 18:52:36 CET 2014
checkout 6156405
Date: jue ene  9 18:52:47 CET 2014
checkout master
Date: jue ene  9 18:52:59 CET 2014
status -sb
Date: jue ene  9 18:53:02 CET 2014
help -a
Date: jue ene  9 18:53:19 CET 2014
--git-dir=.git config --get-regexp alias\..*
Date: jue ene  9 18:53:19 CET 2014
--git-dir=.git for-each-ref --format=%(refname:short) refs/tags refs/heads refs/remotes
Date: jue ene  9 18:53:20 CET 2014
--git-dir=.git for-each-ref --shell --format=ref=%(refname:short) refs/remotes/
Date: jue ene  9 18:53:20 CET 2014
checkout feature/lotes-wizard
Date: jue ene  9 18:53:21 CET 2014
status -sb
Date: jue ene  9 18:53:23 CET 2014
commit -am añado los ficheros del wizard y sobreescribo envio-lotes
Date: jue ene  9 18:53:52 CET 2014
status -sb
Date: jue ene  9 18:54:06 CET 2014
stash
Date: jue ene  9 18:59:11 CET 2014
status -sb
Date: jue ene  9 18:59:23 CET 2014
log --graph --pretty=format:'%C(magenta)%h%C(reset) %C(yellow)%d%C(reset) %s - %C(blue)%cr%C(reset) %C(magenta bold)(%an)%C(reset)'
Date: jue ene  9 18:59:29 CET 2014
checkout develop
Date: jue ene  9 18:59:33 CET 2014
status -sb
Date: jue ene  9 18:59:36 CET 2014
log --graph --pretty=format:'%C(magenta)%h%C(reset) %C(yellow)%d%C(reset) %s - %C(blue)%cr%C(reset) %C(magenta bold)(%an)%C(reset)'
Date: jue ene  9 19:00:14 CET 2014
branch
Date: jue ene  9 19:00:22 CET 2014
stash --help
Date: vie ene 10 09:22:44 CET 2014
stash list
Date: vie ene 10 09:22:48 CET 2014
stash list
Date: vie ene 10 09:23:01 CET 2014
stash drop stash@{0}
Date: vie ene 10 09:23:15 CET 2014
branch
Date: vie ene 10 09:23:26 CET 2014
help -a
Date: vie ene 10 09:23:32 CET 2014
--git-dir=.git config --get-regexp alias\..*
Date: vie ene 10 09:23:32 CET 2014
--git-dir=.git config --get-regexp alias\..*
Date: vie ene 10 09:23:34 CET 2014
--git-dir=.git for-each-ref --format=%(refname:short) refs/tags refs/heads refs/remotes
Date: vie ene 10 09:23:34 CET 2014
--git-dir=.git for-each-ref --shell --format=ref=%(refname:short) refs/remotes/
Date: vie ene 10 09:23:34 CET 2014
checkout feature/lotes-wizard
Date: vie ene 10 09:23:35 CET 2014
log --graph --pretty=format:'%C(magenta)%h%C(reset) %C(yellow)%d%C(reset) %s - %C(blue)%cr%C(reset) %C(magenta bold)(%an)%C(reset)'
Date: vie ene 10 09:24:34 CET 2014
revert HEAD
Date: vie ene 10 09:24:51 CET 2014
status -sb
Date: vie ene 10 09:24:53 CET 2014
log --graph --pretty=format:'%C(magenta)%h%C(reset) %C(yellow)%d%C(reset) %s - %C(blue)%cr%C(reset) %C(magenta bold)(%an)%C(reset)'
Date: vie ene 10 09:25:06 CET 2014
--git-dir=.git for-each-ref --format=%(refname:short) refs/tags refs/heads refs/remotes
Date: vie ene 10 09:25:30 CET 2014
--git-dir=.git for-each-ref --shell --format=ref=%(refname:short) refs/remotes/
Date: vie ene 10 09:25:30 CET 2014
checkout develop
Date: vie ene 10 09:25:31 CET 2014
branch --help
Date: vie ene 10 09:26:52 CET 2014
--git-dir=.git config --get-regexp alias\..*
Date: vie ene 10 09:26:54 CET 2014
--git-dir=.git for-each-ref --format=%(refname:short) refs/tags refs/heads refs/remotes
Date: vie ene 10 09:26:55 CET 2014
--git-dir=.git for-each-ref --format=%(refname:short) refs/tags refs/heads refs/remotes
Date: vie ene 10 09:26:56 CET 2014
--git-dir=.git for-each-ref --format=%(refname:short) refs/tags refs/heads refs/remotes
Date: vie ene 10 09:26:57 CET 2014
branch -D feature/lotes-wizard
Date: vie ene 10 09:26:58 CET 2014
status -sb
Date: vie ene 10 09:27:02 CET 2014
log --graph --pretty=format:'%C(magenta)%h%C(reset) %C(yellow)%d%C(reset) %s - %C(blue)%cr%C(reset) %C(magenta bold)(%an)%C(reset)'
Date: vie ene 10 09:27:15 CET 2014
status -sb
Date: vie ene 10 10:53:24 CET 2014
commit -am envio lotes lanza exception 500
Date: vie ene 10 10:53:42 CET 2014
status -sb
Date: vie ene 10 11:01:57 CET 2014
commit -am modal borrado en actualizadores
Date: vie ene 10 11:02:20 CET 2014
status -sb
Date: vie ene 10 11:02:23 CET 2014
log --graph --pretty=format:'%C(magenta)%h%C(reset) %C(yellow)%d%C(reset) %s - %C(blue)%cr%C(reset) %C(magenta bold)(%an)%C(reset)'
Date: vie ene 10 11:02:26 CET 2014
flow release start v3.0.1
Date: vie ene 10 11:04:32 CET 2014
log --graph --pretty=format:'%C(magenta)%h%C(reset) %C(yellow)%d%C(reset) %s - %C(blue)%cr%C(reset) %C(magenta bold)(%an)%C(reset)'
Date: vie ene 10 11:05:06 CET 2014
status -sb
Date: vie ene 10 11:05:16 CET 2014
status -sb
Date: vie ene 10 11:06:27 CET 2014
status -sb
Date: vie ene 10 11:08:15 CET 2014
commit -am preparado el parameters.yml.dist para distribucion
Date: vie ene 10 11:08:30 CET 2014
flow release finish v3.0.1
Date: vie ene 10 11:12:01 CET 2014
log --graph --pretty=format:'%C(magenta)%h%C(reset) %C(yellow)%d%C(reset) %s - %C(blue)%cr%C(reset) %C(magenta bold)(%an)%C(reset)'
Date: vie ene 10 11:12:11 CET 2014
checkout master
Date: vie ene 10 11:12:15 CET 2014
status -sb
Date: vie ene 10 11:12:29 CET 2014
log --graph --pretty=format:'%C(magenta)%h%C(reset) %C(yellow)%d%C(reset) %s - %C(blue)%cr%C(reset) %C(magenta bold)(%an)%C(reset)'
Date: vie ene 10 11:12:34 CET 2014
fetch origin master
Date: vie ene 10 11:13:18 CET 2014
fetch origin master
Date: vie ene 10 11:15:55 CET 2014
status -sb
Date: vie ene 10 12:14:37 CET 2014
reset --soft HEAD^
Date: vie ene 10 12:15:01 CET 2014
status -sb
Date: vie ene 10 12:18:20 CET 2014
log --graph --pretty=format:'%C(magenta)%h%C(reset) %C(yellow)%d%C(reset) %s - %C(blue)%cr%C(reset) %C(magenta bold)(%an)%C(reset)'
Date: vie ene 10 12:18:42 CET 2014
help -a
Date: vie ene 10 12:18:48 CET 2014
--git-dir=.git config --get-regexp alias\..*
Date: vie ene 10 12:18:48 CET 2014
--git-dir=.git config --get-regexp alias\..*
Date: vie ene 10 12:18:48 CET 2014
status -sb
Date: vie ene 10 12:20:33 CET 2014
log --graph --pretty=format:'%C(magenta)%h%C(reset) %C(yellow)%d%C(reset) %s - %C(blue)%cr%C(reset) %C(magenta bold)(%an)%C(reset)'
Date: vie ene 10 12:21:28 CET 2014
status -sb
Date: vie ene 10 12:22:10 CET 2014
checkout develop
Date: vie ene 10 12:22:17 CET 2014
status -sb
Date: vie ene 10 12:22:20 CET 2014
diff
Date: vie ene 10 12:22:27 CET 2014
commit -am poniendo saltos de linea tras salida
Date: vie ene 10 12:22:51 CET 2014
status -sb
Date: vie ene 10 12:22:59 CET 2014
log --graph --pretty=format:'%C(magenta)%h%C(reset) %C(yellow)%d%C(reset) %s - %C(blue)%cr%C(reset) %C(magenta bold)(%an)%C(reset)'
Date: vie ene 10 12:23:04 CET 2014
checkout master
Date: vie ene 10 12:23:08 CET 2014
status -sb
Date: vie ene 10 12:23:12 CET 2014
pull origin master
Date: vie ene 10 12:24:37 CET 2014
status -sb
Date: vie ene 10 12:24:40 CET 2014
log --graph --pretty=format:'%C(magenta)%h%C(reset) %C(yellow)%d%C(reset) %s - %C(blue)%cr%C(reset) %C(magenta bold)(%an)%C(reset)'
Date: vie ene 10 12:24:46 CET 2014
checkout develop
Date: vie ene 10 12:25:01 CET 2014
status -sb
Date: vie ene 10 12:25:02 CET 2014
log --graph --pretty=format:'%C(magenta)%h%C(reset) %C(yellow)%d%C(reset) %s - %C(blue)%cr%C(reset) %C(magenta bold)(%an)%C(reset)'
Date: vie ene 10 12:25:07 CET 2014
status -sb
Date: vie ene 10 12:52:46 CET 2014
diff
Date: vie ene 10 12:52:51 CET 2014
difftool
Date: vie ene 10 12:52:57 CET 2014
log --graph --pretty=format:' %C(black)%h%C(reset) -%C(yellow)%d%C(white) %s %C(black)(%cr) %C(black) %an%Creset'
Date: vie ene 10 12:53:33 CET 2014
status -sb
Date: lun ene 13 08:47:29 CET 2014
diff
Date: lun ene 13 08:47:41 CET 2014
commit -am saltos de linea al final de salida
Date: lun ene 13 08:47:53 CET 2014
status -sb
Date: lun ene 13 08:47:55 CET 2014
status -sb
Date: lun ene 13 09:15:05 CET 2014
commit -am nuevos iconos de cajeros en conexion-version
Date: lun ene 13 09:15:16 CET 2014
status -sb
Date: lun ene 13 11:58:17 CET 2014
status -sb
Date: lun ene 13 11:58:22 CET 2014
add .
Date: lun ene 13 11:58:33 CET 2014
status -sb
Date: lun ene 13 11:58:36 CET 2014
commit -am primera version de la pagina de contacto
Date: lun ene 13 11:59:07 CET 2014
status -sb
Date: lun ene 13 12:00:59 CET 2014
checkout master
Date: lun ene 13 12:01:11 CET 2014
checkout develop
Date: lun ene 13 12:01:21 CET 2014
flow release start v3.0.2
Date: lun ene 13 12:01:38 CET 2014
ls-files --exclude-standard --others --modified --directory --no-empty-directory
Date: lun ene 13 12:03:45 CET 2014
add changelog.txt
Date: lun ene 13 12:03:46 CET 2014
status -sb
Date: lun ene 13 12:04:01 CET 2014
commit -am añadido el fichero changelog.txt para futuras versiones
Date: lun ene 13 12:04:22 CET 2014
help -a
Date: lun ene 13 12:04:37 CET 2014
--git-dir=.git config --get-regexp alias\..*
Date: lun ene 13 12:04:37 CET 2014
--git-dir=.git config --get-regexp alias\..*
Date: lun ene 13 12:04:38 CET 2014
--git-dir=.git config --get-regexp alias\..*
Date: lun ene 13 12:04:40 CET 2014
--git-dir=.git config --get-regexp alias\..*
Date: lun ene 13 12:04:40 CET 2014
--git-dir=.git config --get-regexp alias\..*
Date: lun ene 13 12:04:43 CET 2014
config gitflow.prefix.release
Date: lun ene 13 12:04:46 CET 2014
branch --no-color
Date: lun ene 13 12:04:46 CET 2014
flow release finish v3.0.2
Date: lun ene 13 12:05:28 CET 2014
status -sb
Date: lun ene 13 12:06:28 CET 2014
checkout master
Date: lun ene 13 12:06:32 CET 2014
fetch origin master
Date: lun ene 13 12:06:40 CET 2014
checkout develop
Date: lun ene 13 12:08:33 CET 2014
log --graph --pretty=format:'%C(magenta)%h%C(reset) %C(yellow)%d%C(reset) %s - %C(blue)%cr%C(reset) %C(magenta bold)(%an)%C(reset)'
Date: lun ene 13 12:08:47 CET 2014
checkout master
Date: lun ene 13 12:08:50 CET 2014
log --graph --pretty=format:'%C(magenta)%h%C(reset) %C(yellow)%d%C(reset) %s - %C(blue)%cr%C(reset) %C(magenta bold)(%an)%C(reset)'
Date: lun ene 13 13:35:45 CET 2014
log --graph --pretty=format:' %C(black)%h%C(reset) -%C(yellow)%d%C(white) %s %C(black)(%cr) %C(black) %an%Creset'
Date: lun ene 13 13:36:19 CET 2014
status -sb
Date: mar ene 14 08:21:08 CET 2014
checkout develop
Date: mar ene 14 08:21:11 CET 2014
flow feature start descarga-ficheros
Date: mar ene 14 08:21:28 CET 2014
status -sb
Date: mar ene 14 11:56:47 CET 2014
add .
Date: mar ene 14 11:56:57 CET 2014
commit -am añadidos todos los css y js
Date: mar ene 14 11:57:25 CET 2014
status -sb
Date: mar ene 14 11:57:54 CET 2014
commit -am añadida la ruta de descarga-ficheros
Date: mar ene 14 11:58:06 CET 2014
status -sb
Date: mar ene 14 11:59:26 CET 2014
commit -am nuevo metodo en ajaxcontroller para bajar ficheros
Date: mar ene 14 11:59:43 CET 2014
status -sb
Date: mar ene 14 12:09:22 CET 2014
status -sb
Date: mar ene 14 12:11:46 CET 2014
status -sb
Date: mar ene 14 12:20:11 CET 2014
commit -am la vista descarga-ficheros y los parametros en dist
Date: mar ene 14 12:20:25 CET 2014
status -sb
Date: mar ene 14 12:20:29 CET 2014
config gitflow.prefix.feature
Date: mar ene 14 12:20:38 CET 2014
branch --no-color
Date: mar ene 14 12:20:38 CET 2014
flow feature finish descarga-ficheros
Date: mar ene 14 12:21:38 CET 2014
status -sb
Date: mar ene 14 12:21:41 CET 2014
log --graph --pretty=format:'%C(magenta)%h%C(reset) %C(yellow)%d%C(reset) %s - %C(blue)%cr%C(reset) %C(magenta bold)(%an)%C(reset)'
Date: mar ene 14 12:21:46 CET 2014
flow release start v3.0.3
Date: mar ene 14 12:22:19 CET 2014
status -sb
Date: mar ene 14 12:22:23 CET 2014
status -sb
Date: mar ene 14 12:24:34 CET 2014
commit -am modificados los parametros necesarios en dist para prepro
Date: mar ene 14 12:24:47 CET 2014
config gitflow.prefix.release
Date: mar ene 14 12:24:58 CET 2014
branch --no-color
Date: mar ene 14 12:24:58 CET 2014
status -sb
Date: mar ene 14 12:25:17 CET 2014
status -sb
Date: mar ene 14 13:41:02 CET 2014
commit -am hotfixes en descarga de ficheros
Date: mar ene 14 13:41:16 CET 2014
status -sb
Date: mar ene 14 13:54:57 CET 2014
add .
Date: mar ene 14 13:55:02 CET 2014
status -sb
Date: mar ene 14 13:55:04 CET 2014
commit -am parameters y dateformat en hotfix mode
Date: mar ene 14 13:55:28 CET 2014
checkout develop
Date: mar ene 14 13:55:39 CET 2014
merge master
Date: mar ene 14 13:55:46 CET 2014
flow feature start google_maps
Date: mar ene 14 13:56:32 CET 2014
status -sb
Date: mar ene 14 14:01:38 CET 2014
status -sb
Date: mar ene 14 14:05:37 CET 2014
commit -am creados la ruta, el controlador y la vista vacia para google maps
Date: mar ene 14 14:05:53 CET 2014
status -sb
Date: mié ene 15 09:15:38 CET 2014
status -sb
Date: mié ene 15 12:04:11 CET 2014
commit -am google maps api: carga los cajeros en el mapa (heatmap optional)
Date: mié ene 15 12:05:13 CET 2014
status -sb
Date: mié ene 15 12:05:16 CET 2014
log --graph --pretty=format:'%C(magenta)%h%C(reset) %C(yellow)%d%C(reset) %s - %C(blue)%cr%C(reset) %C(magenta bold)(%an)%C(reset)'
Date: mié ene 15 13:09:30 CET 2014
status -sb
Date: mié ene 15 13:09:33 CET 2014
add .
Date: mié ene 15 13:09:36 CET 2014
status -sb
Date: mié ene 15 13:09:39 CET 2014
commit -am Overlapping Marker Spiderfier y Layers de maps.stamen.com
Date: mié ene 15 13:10:32 CET 2014
status -sb
Date: mié ene 15 13:10:34 CET 2014
help -a
Date: mié ene 15 13:12:47 CET 2014
--git-dir=.git config --get-regexp alias\..*
Date: mié ene 15 13:12:47 CET 2014
config gitflow.prefix.feature
Date: mié ene 15 13:12:50 CET 2014
branch --no-color
Date: mié ene 15 13:12:50 CET 2014
flow feature finish google_maps
Date: mié ene 15 13:12:54 CET 2014
log --graph --pretty=format:'%C(magenta)%h%C(reset) %C(yellow)%d%C(reset) %s - %C(blue)%cr%C(reset) %C(magenta bold)(%an)%C(reset)'
Date: mié ene 15 13:13:06 CET 2014
config gitflow.prefix.release
Date: mié ene 15 13:13:41 CET 2014
branch --no-color
Date: mié ene 15 13:13:41 CET 2014
flow release finish v3.0.3
Date: mié ene 15 13:14:27 CET 2014
log --graph --pretty=format:'%C(magenta)%h%C(reset) %C(yellow)%d%C(reset) %s - %C(blue)%cr%C(reset) %C(magenta bold)(%an)%C(reset)'
Date: mié ene 15 13:14:44 CET 2014
flow feature start v3.0.4
Date: mié ene 15 13:15:34 CET 2014
status -sb
Date: mié ene 15 13:15:41 CET 2014
status -sb
Date: mié ene 15 13:16:39 CET 2014
status -sb
Date: mié ene 15 13:17:07 CET 2014
add .
Date: mié ene 15 13:17:10 CET 2014
commit -am changelog 3.0.4
Date: mié ene 15 13:17:25 CET 2014
config gitflow.prefix.release
Date: mié ene 15 13:17:36 CET 2014
branch --no-color
Date: mié ene 15 13:17:36 CET 2014
config gitflow.prefix.release
Date: mié ene 15 13:17:39 CET 2014
branch --no-color
Date: mié ene 15 13:17:39 CET 2014
config gitflow.prefix.release
Date: mié ene 15 13:17:43 CET 2014
branch --no-color
Date: mié ene 15 13:17:43 CET 2014
config gitflow.prefix.release
Date: mié ene 15 13:17:44 CET 2014
branch --no-color
Date: mié ene 15 13:17:44 CET 2014
config gitflow.prefix.release
Date: mié ene 15 13:17:44 CET 2014
branch --no-color
Date: mié ene 15 13:17:44 CET 2014
config gitflow.prefix.release
Date: mié ene 15 13:17:45 CET 2014
branch --no-color
Date: mié ene 15 13:17:45 CET 2014
config gitflow.prefix.release
Date: mié ene 15 13:17:46 CET 2014
branch --no-color
Date: mié ene 15 13:17:46 CET 2014
config gitflow.prefix.release
Date: mié ene 15 13:17:46 CET 2014
branch --no-color
Date: mié ene 15 13:17:46 CET 2014
checkout develop
Date: mié ene 15 13:18:20 CET 2014
--git-dir=.git config --get-regexp alias\..*
Date: mié ene 15 13:18:27 CET 2014
--git-dir=.git for-each-ref --format=%(refname:short) refs/tags refs/heads refs/remotes
Date: mié ene 15 13:18:29 CET 2014
branch -D feature/v3.0.4
Date: mié ene 15 13:18:30 CET 2014
flow release start v3.0.4
Date: mié ene 15 13:18:40 CET 2014
status -sb
Date: mié ene 15 13:19:17 CET 2014
add .
Date: mié ene 15 13:19:20 CET 2014
commit -am changelog para 3.0.4
Date: mié ene 15 13:19:30 CET 2014
config gitflow.prefix.release
Date: mié ene 15 13:19:35 CET 2014
branch --no-color
Date: mié ene 15 13:19:35 CET 2014
flow release finish v3.0.4
Date: mié ene 15 13:19:56 CET 2014
log --graph --pretty=format:'%C(magenta)%h%C(reset) %C(yellow)%d%C(reset) %s - %C(blue)%cr%C(reset) %C(magenta bold)(%an)%C(reset)'
Date: mié ene 15 13:20:15 CET 2014
checkout master
Date: mié ene 15 13:20:18 CET 2014
checkout develop
Date: mié ene 15 13:20:31 CET 2014
checkout master
Date: mié ene 15 13:20:35 CET 2014
log --graph --pretty=format:'%C(magenta)%h%C(reset) %C(yellow)%d%C(reset) %s - %C(blue)%cr%C(reset) %C(magenta bold)(%an)%C(reset)'
Date: mié ene 15 13:20:40 CET 2014
checkout develop
Date: mié ene 15 13:20:44 CET 2014
status -sb
Date: vie ene 17 09:22:21 CET 2014
status -sb
Date: vie ene 17 13:28:23 CET 2014
status -sb
Date: vie ene 17 13:28:26 CET 2014
status -sb
Date: lun ene 20 08:39:13 CET 2014
status -sb
Date: lun ene 20 09:06:30 CET 2014
commit -am fixing some styling issues (icons an such...)
Date: lun ene 20 09:18:58 CET 2014
status -sb
Date: lun ene 20 09:19:01 CET 2014
status -sb
Date: lun ene 20 09:36:17 CET 2014
commit -am fixing: cuando no hay lotes la página de envio de lotes en blanco
Date: lun ene 20 09:36:39 CET 2014
log --graph --pretty=format:'%C(magenta)%h%C(reset) %C(yellow)%d%C(reset) %s - %C(blue)%cr%C(reset) %C(magenta bold)(%an)%C(reset)'
Date: lun ene 20 09:38:35 CET 2014
status -sb
Date: lun ene 20 09:42:36 CET 2014
status -sb
Date: lun ene 20 09:43:58 CET 2014
status -sb
Date: lun ene 20 09:45:05 CET 2014
difftool
Date: lun ene 20 09:45:14 CET 2014
status -sb
Date: lun ene 20 09:46:28 CET 2014
status -sb
Date: lun ene 20 09:47:06 CET 2014
status -sb
Date: lun ene 20 09:48:58 CET 2014
branch
Date: lun ene 20 09:54:40 CET 2014
status -sb
Date: lun ene 20 09:55:21 CET 2014
commit -am retocando los temas y fixing typos
Date: lun ene 20 09:55:49 CET 2014
push origin master
Date: lun ene 20 09:55:59 CET 2014
checkout gh-pages
Date: lun ene 20 09:56:22 CET 2014
add .
Date: lun ene 20 09:57:52 CET 2014
status -sb
Date: lun ene 20 09:57:53 CET 2014
commit -am nuevo estilo e iTerm2 prefs
Date: lun ene 20 09:58:11 CET 2014
push origin gh-pages
Date: lun ene 20 09:58:41 CET 2014
checkout develop
Date: lun ene 20 09:58:46 CET 2014
checkout master
Date: lun ene 20 09:58:50 CET 2014
status -sb
Date: lun ene 20 10:42:10 CET 2014
checkout gh-pages
Date: lun ene 20 10:42:14 CET 2014
status -sb
Date: lun ene 20 10:42:18 CET 2014
status -sb
Date: lun ene 20 10:46:00 CET 2014
commit -am el readme del proyecto a index.html
Date: lun ene 20 10:46:11 CET 2014
push origin gh-pages
Date: lun ene 20 10:46:28 CET 2014
checkout master
Date: lun ene 20 10:49:19 CET 2014
status -sb
Date: lun ene 20 10:49:21 CET 2014
status -sb
Date: lun ene 20 10:50:18 CET 2014
status -sb
Date: lun ene 20 10:50:28 CET 2014
commit -am typos en readme
Date: lun ene 20 10:50:40 CET 2014
push origin master
Date: lun ene 20 10:50:47 CET 2014
status -sb
Date: mar ene 21 08:35:28 CET 2014
difftool
Date: mar ene 21 08:35:36 CET 2014
status -sb
Date: mar ene 21 09:29:21 CET 2014
status -sb
Date: mar ene 21 12:25:17 CET 2014
commit -am estilos en contacto y en los mapas
Date: mar ene 21 12:25:31 CET 2014
status -sb
Date: mar ene 21 12:26:54 CET 2014
commit --amend -C HEAD
Date: mar ene 21 12:27:00 CET 2014
add .
Date: mar ene 21 12:27:07 CET 2014
commit --amend -C HEAD
Date: mar ene 21 12:27:11 CET 2014
log --graph --pretty=format:'%C(magenta)%h%C(reset) %C(yellow)%d%C(reset) %s - %C(blue)%cr%C(reset) %C(magenta bold)(%an)%C(reset)'
Date: mar ene 21 12:27:18 CET 2014
status -sb
Date: mar ene 21 20:10:30 CET 2014
log --graph --pretty=format:'%C(magenta)%h%C(reset) %C(yellow)%d%C(reset) %s - %C(blue)%cr%C(reset) %C(magenta bold)(%an)%C(reset)'
Date: mar ene 21 20:13:10 CET 2014
checkout master
Date: mar ene 21 20:13:13 CET 2014
log --graph --pretty=format:'%C(magenta)%h%C(reset) %C(yellow)%d%C(reset) %s - %C(blue)%cr%C(reset) %C(magenta bold)(%an)%C(reset)'
Date: mar ene 21 20:13:39 CET 2014
checkout develop
Date: mar ene 21 20:13:45 CET 2014
log --graph --pretty=format:'%C(magenta)%h%C(reset) %C(yellow)%d%C(reset) %s - %C(blue)%cr%C(reset) %C(magenta bold)(%an)%C(reset)'
Date: mar ene 21 20:13:52 CET 2014
status -sb
Date: mié ene 22 08:19:38 CET 2014
log --graph --pretty=format:'%C(magenta)%h%C(reset) %C(yellow)%d%C(reset) %s - %C(blue)%cr%C(reset) %C(magenta bold)(%an)%C(reset)'
Date: mié ene 22 08:19:49 CET 2014
log --graph --pretty=format:' %C(black)%h%C(reset) -%C(yellow)%d%C(white) %s %C(black)(%cr) %C(black) %an%Creset'
Date: mié ene 22 08:19:54 CET 2014
status -sb
Date: jue ene 23 11:42:56 CET 2014
status -sb
Date: jue ene 23 16:29:13 CET 2014
status -sb
Date: jue ene 23 16:37:34 CET 2014
commit -am estilos y bug fixes
Date: jue ene 23 16:37:53 CET 2014
log --graph --pretty=format:'%C(magenta)%h%C(reset) %C(yellow)%d%C(reset) %s - %C(blue)%cr%C(reset) %C(magenta bold)(%an)%C(reset)'
Date: jue ene 23 16:38:00 CET 2014
status -sb
Date: vie ene 24 10:47:45 CET 2014
add .
Date: vie ene 24 10:47:54 CET 2014
status -sb
Date: vie ene 24 10:48:31 CET 2014
status -sb --porcelain
Date: vie ene 24 10:48:46 CET 2014
status -sb
Date: vie ene 24 10:49:06 CET 2014
commit -am style improvements, added source sans pro google font
Date: vie ene 24 10:49:28 CET 2014
status -sb
Date: vie ene 24 12:21:59 CET 2014
status -sb
Date: mar ene 28 12:18:41 CET 2014
status -sb
Date: jue ene 30 09:04:48 CET 2014
status -sb
Date: jue ene 30 09:05:35 CET 2014
status -sb
Date: jue ene 30 09:08:39 CET 2014
stash --help
Date: jue ene 30 09:08:49 CET 2014
stash list
Date: jue ene 30 09:08:56 CET 2014
log --graph --pretty=format:'%C(magenta)%h%C(reset) %C(yellow)%d%C(reset) %s - %C(blue)%cr%C(reset) %C(magenta bold)(%an)%C(reset)'
Date: jue ene 30 09:09:03 CET 2014
status -sb
Date: jue ene 30 09:10:17 CET 2014
log --graph --pretty=format:'%C(magenta)%h%C(reset) %C(yellow)%d%C(reset) %s - %C(blue)%cr%C(reset) %C(magenta bold)(%an)%C(reset)'
Date: jue ene 30 09:10:24 CET 2014
tag --help
Date: jue ene 30 09:10:47 CET 2014
log --graph --pretty=format:'%C(magenta)%h%C(reset) %C(yellow)%d%C(reset) %s - %C(blue)%cr%C(reset) %C(magenta bold)(%an)%C(reset)'
Date: jue ene 30 09:10:50 CET 2014
tag -d 1.0
Date: jue ene 30 09:10:58 CET 2014
tag -d delete
Date: jue ene 30 09:11:05 CET 2014
tag -d version1.0
Date: jue ene 30 09:11:13 CET 2014
tag v1.0.0
Date: jue ene 30 09:11:20 CET 2014
stash drop
Date: jue ene 30 09:11:27 CET 2014
log --graph --pretty=format:'%C(magenta)%h%C(reset) %C(yellow)%d%C(reset) %s - %C(blue)%cr%C(reset) %C(magenta bold)(%an)%C(reset)'
Date: jue ene 30 09:11:30 CET 2014
status -sb
Date: jue ene 30 09:11:32 CET 2014
add .
Date: jue ene 30 09:11:38 CET 2014
status -sb
Date: jue ene 30 09:11:40 CET 2014
status -sb
Date: jue ene 30 09:13:40 CET 2014
commit -am vamos a la version 1.0.1
Date: jue ene 30 09:16:05 CET 2014
remote -v
Date: jue ene 30 09:16:31 CET 2014
remote -v
Date: jue ene 30 09:26:36 CET 2014
push origin master
Date: jue ene 30 09:50:01 CET 2014
log --graph --pretty=format:'%C(magenta)%h%C(reset) %C(yellow)%d%C(reset) %s - %C(blue)%cr%C(reset) %C(magenta bold)(%an)%C(reset)'
Date: jue ene 30 09:50:12 CET 2014
status -sb
Date: jue ene 30 11:36:26 CET 2014
add fix
Date: jue ene 30 11:40:43 CET 2014
status -sb
Date: jue ene 30 11:40:52 CET 2014
status -sb
Date: jue ene 30 11:45:35 CET 2014
status -sb --porcelain
Date: jue ene 30 11:45:39 CET 2014
status -sb
Date: jue ene 30 11:46:34 CET 2014
status -sb
Date: jue ene 30 11:46:58 CET 2014
status -sb
Date: jue ene 30 11:47:16 CET 2014
status -sb
Date: jue ene 30 11:47:58 CET 2014
status -sb
Date: jue ene 30 11:48:36 CET 2014
status -sb
Date: jue ene 30 11:48:41 CET 2014
status -sb
Date: jue ene 30 11:49:04 CET 2014
add otropamiprima.txt
Date: jue ene 30 11:49:14 CET 2014
status -sb
Date: jue ene 30 11:49:20 CET 2014
status -sb --porcelain
Date: jue ene 30 11:49:30 CET 2014
status -sb
Date: jue ene 30 11:50:38 CET 2014
status -sb
Date: jue ene 30 11:59:52 CET 2014
status -sb
Date: jue ene 30 12:00:17 CET 2014
status -sb
Date: jue ene 30 12:00:41 CET 2014
status -sb
Date: jue ene 30 12:00:52 CET 2014
status -sb
Date: jue ene 30 12:01:54 CET 2014
status -sb
Date: jue ene 30 12:02:08 CET 2014
status -sb
Date: jue ene 30 12:05:07 CET 2014
status -sb
Date: jue ene 30 12:06:08 CET 2014
status -sb
Date: jue ene 30 12:06:48 CET 2014
status -sb
Date: jue ene 30 12:10:09 CET 2014
status -sb
Date: jue ene 30 12:11:11 CET 2014
status -sb
Date: jue ene 30 12:11:55 CET 2014
status -sb
Date: jue ene 30 12:12:15 CET 2014
status -sb
Date: jue ene 30 12:12:26 CET 2014
status -sb
Date: jue ene 30 12:13:56 CET 2014
status -sb
Date: jue ene 30 12:15:09 CET 2014
status -sb
Date: jue ene 30 12:15:37 CET 2014
status -sb
Date: jue ene 30 12:16:09 CET 2014
status -sb
Date: jue ene 30 12:16:19 CET 2014
status -sb
Date: jue ene 30 12:24:10 CET 2014
status -sb
Date: jue ene 30 12:25:31 CET 2014
status -sb
Date: jue ene 30 12:25:50 CET 2014
status -sb
Date: jue ene 30 12:26:01 CET 2014
status -sb
Date: jue ene 30 12:27:01 CET 2014
status -sb
Date: jue ene 30 12:27:12 CET 2014
status -sb
Date: jue ene 30 12:27:39 CET 2014
status -sb
Date: jue ene 30 12:27:51 CET 2014
status -sb
Date: jue ene 30 12:28:03 CET 2014
status -sb
Date: jue ene 30 12:28:29 CET 2014
status -sb
Date: jue ene 30 12:29:00 CET 2014
status -sb
Date: jue ene 30 12:29:18 CET 2014
add fix
Date: jue ene 30 12:29:42 CET 2014
status -sb
Date: jue ene 30 12:29:45 CET 2014
status -sb
Date: jue ene 30 12:30:15 CET 2014
status -sb
Date: jue ene 30 12:31:09 CET 2014
status -sb
Date: jue ene 30 12:31:34 CET 2014
status -sb
Date: jue ene 30 12:32:07 CET 2014
status -sb
Date: jue ene 30 12:33:36 CET 2014
status -sb
Date: jue ene 30 12:33:57 CET 2014
status -sb --porcelain
Date: jue ene 30 12:34:06 CET 2014
add unonuevo
Date: jue ene 30 12:34:12 CET 2014
status -sb
Date: jue ene 30 12:34:15 CET 2014
ls-files --exclude-standard --cached
Date: jue ene 30 12:34:45 CET 2014
ls-files --exclude-standard --cached
Date: jue ene 30 12:34:45 CET 2014
rm pr3-develop.txt
Date: jue ene 30 12:34:46 CET 2014
status -sb
Date: jue ene 30 12:34:49 CET 2014
status -sb
Date: jue ene 30 12:35:34 CET 2014
status -sb
Date: jue ene 30 12:35:50 CET 2014
status -sb
Date: jue ene 30 12:36:27 CET 2014
status -sb
Date: jue ene 30 12:36:36 CET 2014
status -sb
Date: jue ene 30 12:36:44 CET 2014
status -sb
Date: jue ene 30 12:37:02 CET 2014
status -sb
Date: jue ene 30 12:37:08 CET 2014
status -sb
Date: jue ene 30 12:37:24 CET 2014
status -sb
Date: jue ene 30 12:37:46 CET 2014
status -sb
Date: jue ene 30 12:37:55 CET 2014
status -sb
Date: jue ene 30 12:38:20 CET 2014
status -sb
Date: jue ene 30 12:39:23 CET 2014
status -sb
Date: jue ene 30 12:41:54 CET 2014
status -sb
Date: jue ene 30 12:42:29 CET 2014
status -sb
Date: jue ene 30 12:42:31 CET 2014
status -sb
Date: jue ene 30 12:42:36 CET 2014
status -sb
Date: jue ene 30 12:42:45 CET 2014
status -sb
Date: jue ene 30 12:43:04 CET 2014
status -sb
Date: jue ene 30 12:43:17 CET 2014
status -sb
Date: jue ene 30 12:43:24 CET 2014
status -sb
Date: jue ene 30 12:45:01 CET 2014
status -sb
Date: jue ene 30 12:45:20 CET 2014
status -sb
Date: jue ene 30 12:45:30 CET 2014
status -sb
Date: jue ene 30 12:46:06 CET 2014
status -sb
Date: jue ene 30 12:46:16 CET 2014
commit -am vamos con todo
Date: jue ene 30 12:46:24 CET 2014
status -sb
Date: jue ene 30 12:46:28 CET 2014
add .
Date: jue ene 30 12:46:30 CET 2014
status -sb
Date: jue ene 30 12:46:36 CET 2014
status -sb
Date: jue ene 30 12:46:51 CET 2014
status -sb
Date: jue ene 30 12:47:04 CET 2014
status -sb
Date: jue ene 30 12:47:41 CET 2014
status -sb
Date: jue ene 30 12:47:55 CET 2014
status -sb
Date: jue ene 30 12:51:01 CET 2014
status -sb
Date: jue ene 30 12:51:09 CET 2014
status -sb
Date: jue ene 30 12:51:31 CET 2014
status -sb
Date: jue ene 30 12:51:38 CET 2014
status -sb
Date: jue ene 30 12:52:02 CET 2014
status -sb
Date: jue ene 30 12:52:08 CET 2014
status -sb
Date: jue ene 30 12:52:29 CET 2014
status -sb
Date: jue ene 30 12:52:39 CET 2014
status -sb
Date: jue ene 30 12:52:53 CET 2014
status -sb
Date: jue ene 30 12:53:10 CET 2014
status -sb
Date: jue ene 30 12:53:29 CET 2014
status -sb
Date: jue ene 30 12:53:56 CET 2014
status -sb
Date: jue ene 30 12:54:14 CET 2014
status -sb
Date: jue ene 30 12:54:36 CET 2014
status -sb
Date: jue ene 30 13:50:17 CET 2014
status -sb
Date: jue ene 30 13:50:41 CET 2014
status -sb
Date: jue ene 30 13:51:57 CET 2014
status -sb
Date: jue ene 30 13:52:22 CET 2014
add .
Date: jue ene 30 13:53:11 CET 2014
status -sb
Date: jue ene 30 13:53:40 CET 2014
status -sb
Date: jue ene 30 13:53:59 CET 2014
status -sb
Date: jue ene 30 13:54:02 CET 2014
status -sb
Date: jue ene 30 13:54:12 CET 2014
status -sb
Date: jue ene 30 13:54:24 CET 2014
status -sb
Date: jue ene 30 13:54:28 CET 2014
add untr.new
Date: jue ene 30 13:55:00 CET 2014
push origin master
Date: jue ene 30 13:55:17 CET 2014
commit -am arreglo
Date: jue ene 30 13:55:30 CET 2014
push origin master
Date: jue ene 30 13:55:35 CET 2014
rm otronuevo.txt
Date: jue ene 30 13:55:48 CET 2014
status -sb
Date: jue ene 30 13:55:52 CET 2014
status -sb
Date: jue ene 30 13:56:39 CET 2014
status -sb
Date: jue ene 30 13:56:48 CET 2014
status -sb
Date: jue ene 30 13:57:16 CET 2014
ls-files --exclude-standard --cached
Date: jue ene 30 13:57:26 CET 2014
rm pr1.txt
Date: jue ene 30 13:57:27 CET 2014
status -sb
Date: jue ene 30 13:57:29 CET 2014
commit -m he borrado con git rm
Date: jue ene 30 13:57:44 CET 2014
push origin master
Date: jue ene 30 13:57:51 CET 2014
status -sb
Date: jue ene 30 13:59:33 CET 2014
status -sb
Date: jue ene 30 13:59:50 CET 2014
status -sb
Date: jue ene 30 14:01:32 CET 2014
status -sb
Date: jue ene 30 14:01:52 CET 2014
add otronuevo
Date: jue ene 30 14:02:26 CET 2014
status -sb
Date: jue ene 30 14:02:43 CET 2014
add .
Date: jue ene 30 14:02:52 CET 2014
add -A
Date: jue ene 30 14:03:05 CET 2014
status -sb
Date: jue ene 30 14:03:11 CET 2014
status -sb
Date: jue ene 30 14:11:06 CET 2014
status -sb
Date: jue ene 30 14:11:46 CET 2014
status -sb
Date: jue ene 30 14:12:18 CET 2014
status -sb
Date: jue ene 30 14:12:30 CET 2014
status -sb
Date: jue ene 30 14:13:19 CET 2014
status -sb
Date: jue ene 30 14:13:51 CET 2014
status -sb
Date: jue ene 30 14:14:41 CET 2014
commit -am added,modified,renamed and deleted
Date: jue ene 30 14:15:24 CET 2014
status -sb
Date: jue ene 30 14:15:27 CET 2014
push origin master
Date: jue ene 30 14:15:34 CET 2014
status -sb
Date: jue ene 30 14:15:36 CET 2014
status -sb
Date: jue ene 30 14:15:55 CET 2014
status -sb
Date: jue ene 30 14:16:36 CET 2014
status -sb
Date: jue ene 30 14:16:56 CET 2014
status -sb
Date: jue ene 30 14:17:09 CET 2014
status -sb
Date: jue ene 30 14:17:34 CET 2014
add comor.txt
Date: jue ene 30 14:17:37 CET 2014
add news.txt
Date: jue ene 30 14:17:55 CET 2014
rm nuevo.txt
Date: jue ene 30 14:18:18 CET 2014
rm primo/comor.txt
Date: jue ene 30 14:18:28 CET 2014
status -sb
Date: jue ene 30 14:18:34 CET 2014
status -sb
Date: jue ene 30 14:18:44 CET 2014
log --graph --pretty=format:'%C(magenta)%h%C(reset) %C(yellow)%d%C(reset) %s - %C(blue)%cr%C(reset) %C(magenta bold)(%an)%C(reset)'
Date: jue ene 30 14:18:45 CET 2014
status -sb
Date: jue ene 30 14:18:59 CET 2014
commit -am harrrrrr
Date: jue ene 30 14:19:13 CET 2014
push origin master
Date: jue ene 30 14:19:18 CET 2014
status -sb
Date: jue ene 30 16:16:53 CET 2014
clone git@diegobarrioh.dyndns.org:/git/labs labs2
Date: jue ene 30 16:17:54 CET 2014
status -sb
Date: jue ene 30 16:19:08 CET 2014
add .
Date: jue ene 30 16:19:10 CET 2014
status -sb
Date: jue ene 30 16:19:24 CET 2014
commit -am con este commit adelanto origin a labs en 1
Date: jue ene 30 16:19:43 CET 2014
push origin master
Date: jue ene 30 16:19:51 CET 2014
status -sb
Date: jue ene 30 16:21:45 CET 2014
fetch origin master
Date: jue ene 30 16:21:49 CET 2014
add dontcare
Date: jue ene 30 16:23:02 CET 2014
commit -m I'm an anarchist and I'm going to diverge
Date: jue ene 30 16:23:42 CET 2014
status -sb
Date: jue ene 30 16:24:08 CET 2014
add enlabs2
Date: jue ene 30 16:25:02 CET 2014
commit -am otro commit mas ahead en origin
Date: jue ene 30 16:25:02 CET 2014
push origin master
Date: jue ene 30 16:25:08 CET 2014
fetch origin master
Date: jue ene 30 16:25:21 CET 2014
status -sb
Date: jue ene 30 16:25:31 CET 2014
add dosydos
Date: jue ene 30 16:26:11 CET 2014
commit -am dos ahead y dos behind
Date: jue ene 30 16:26:11 CET 2014
pull origin master
Date: jue ene 30 16:26:54 CET 2014
push origin master
Date: jue ene 30 16:26:59 CET 2014
fetch origin master
Date: jue ene 30 16:27:12 CET 2014
pull origin master
Date: jue ene 30 16:27:17 CET 2014
status -sb
Date: jue ene 30 16:28:19 CET 2014
status -sb
Date: jue ene 30 16:30:43 CET 2014
ls-files --exclude-standard --cached
Date: jue ene 30 16:30:57 CET 2014
ls-files --exclude-standard --cached
Date: jue ene 30 16:30:58 CET 2014
ls-files --exclude-standard --cached
Date: jue ene 30 16:31:19 CET 2014
rm untr.new
Date: jue ene 30 16:31:20 CET 2014
stash --help
Date: jue ene 30 16:31:49 CET 2014
stash create para foto
Date: jue ene 30 16:32:01 CET 2014
stash list
Date: jue ene 30 16:32:16 CET 2014
stash list
Date: jue ene 30 16:32:27 CET 2014
stash
Date: jue ene 30 16:32:30 CET 2014
tag v1.0.1
Date: jue ene 30 16:33:11 CET 2014
status -sb
Date: jue ene 30 16:33:52 CET 2014
fetch origin master
Date: jue ene 30 16:33:56 CET 2014
add adelante
Date: jue ene 30 16:34:22 CET 2014
commit -am adelantando origin
Date: jue ene 30 16:34:22 CET 2014
push origin master
Date: jue ene 30 16:34:25 CET 2014
fetch origin master
Date: jue ene 30 16:34:37 CET 2014
add diverge
Date: jue ene 30 16:34:55 CET 2014
commit -am he divergido
Date: jue ene 30 16:34:55 CET 2014
tag v1.0.2
Date: jue ene 30 16:35:10 CET 2014
rm pr6.txt
Date: jue ene 30 16:35:38 CET 2014
status -sb
Date: jue ene 30 16:36:40 CET 2014
status -sb
Date: jue ene 30 16:37:17 CET 2014
status -sb
Date: jue ene 30 16:37:23 CET 2014
status -sb
Date: jue ene 30 16:38:12 CET 2014
add .
Date: jue ene 30 16:38:36 CET 2014
add -A
Date: jue ene 30 16:38:42 CET 2014
status -sb
Date: jue ene 30 16:38:47 CET 2014
commit -am ahora puedo hacer commit
Date: jue ene 30 16:39:14 CET 2014
stash list
Date: jue ene 30 16:39:55 CET 2014
stash --help
Date: jue ene 30 16:40:18 CET 2014
stash show
Date: jue ene 30 16:40:26 CET 2014
stash apply
Date: jue ene 30 16:40:40 CET 2014
stash drop
Date: jue ene 30 16:40:53 CET 2014
status -sb
Date: jue ene 30 16:40:59 CET 2014
add .
Date: jue ene 30 16:41:16 CET 2014
add -A
Date: jue ene 30 16:41:19 CET 2014
status -sb
Date: jue ene 30 16:41:22 CET 2014
commit -am ready to commit y 2
Date: jue ene 30 16:41:33 CET 2014
fetch origin master
Date: jue ene 30 16:41:42 CET 2014
pull origin master
Date: jue ene 30 16:41:47 CET 2014
push origin master
Date: jue ene 30 16:41:51 CET 2014
fetch origin master
Date: jue ene 30 16:43:43 CET 2014
commit -am version v2.0
Date: jue ene 30 16:44:03 CET 2014
tag v2.0
Date: jue ene 30 16:44:13 CET 2014
push origin master
Date: jue ene 30 16:44:25 CET 2014
log --graph --pretty=format:'%C(magenta)%h%C(reset) %C(yellow)%d%C(reset) %s - %C(blue)%cr%C(reset) %C(magenta bold)(%an)%C(reset)'
Date: jue ene 30 16:45:18 CET 2014
tag -l
Date: jue ene 30 16:45:59 CET 2014
show v2.0
Date: jue ene 30 16:46:34 CET 2014
log --graph --pretty=format:'%C(magenta)%h%C(reset) %C(yellow)%d%C(reset) %s - %C(blue)%cr%C(reset) %C(magenta bold)(%an)%C(reset)'
Date: jue ene 30 16:46:54 CET 2014
push origin v2.0
Date: jue ene 30 16:47:38 CET 2014
branch
Date: jue ene 30 16:48:12 CET 2014
checkout gh-pages
Date: jue ene 30 16:48:25 CET 2014
add .
Date: jue ene 30 16:49:11 CET 2014
status -sb
Date: jue ene 30 16:49:18 CET 2014
commit -am las nuevas imágenes de v2.0
Date: jue ene 30 16:49:31 CET 2014
push origin gh-pages
Date: jue ene 30 16:50:07 CET 2014
status -sb
Date: jue ene 30 17:06:11 CET 2014
commit -am Nueva info de la v2.0 explicando las imágenes
Date: jue ene 30 17:06:37 CET 2014
push origin gh-pages
Date: jue ene 30 17:06:52 CET 2014
checkout master
Date: jue ene 30 17:06:58 CET 2014
status -sb
Date: jue ene 30 17:11:22 CET 2014
status -sb
Date: jue ene 30 17:11:29 CET 2014
status -sb
Date: jue ene 30 17:12:18 CET 2014
add .
Date: jue ene 30 17:12:24 CET 2014
status -sb
Date: jue ene 30 17:12:26 CET 2014
commit -am el fichero de config diegobarrioh_solarized.json es ahora un symlink
Date: jue ene 30 17:14:57 CET 2014
push origin master
Date: jue ene 30 17:15:10 CET 2014
status -sb
Date: jue ene 30 17:16:40 CET 2014
add .
Date: jue ene 30 17:17:17 CET 2014
commit -am quitado el symlink del scheme
Date: jue ene 30 17:17:38 CET 2014
push origin master
Date: jue ene 30 17:17:45 CET 2014
status -sb
Date: jue ene 30 17:21:30 CET 2014
commit -am explicacion v2.0 en readme
Date: jue ene 30 17:21:43 CET 2014
push origin master
Date: jue ene 30 17:21:50 CET 2014
clone https://github.com/opensky/Symfony2-coding-standard.git Symfony2
Date: vie ene 31 12:18:49 CET 2014
fetch origin master
Date: lun feb  3 08:17:04 CET 2014
pull origin master
Date: lun feb  3 08:17:31 CET 2014
status -sb
Date: lun feb  3 09:16:44 CET 2014
difftool
Date: lun feb  3 09:17:35 CET 2014
status -sb
Date: lun feb  3 09:18:14 CET 2014
status -sb
Date: lun feb  3 09:18:16 CET 2014
add .
Date: lun feb  3 09:18:25 CET 2014
commit -am added: pagina de descarga de coordenadas
Date: lun feb  3 09:18:42 CET 2014
checkout master
Date: lun feb  3 09:18:46 CET 2014
status -sb
Date: lun feb  3 09:31:07 CET 2014
status -sb
Date: lun feb  3 09:43:34 CET 2014
status -sb
Date: lun feb  3 09:50:14 CET 2014
status -sb
Date: lun feb  3 10:02:59 CET 2014
status -sb
Date: lun feb  3 10:03:07 CET 2014
status -sb
Date: lun feb  3 11:27:12 CET 2014
status -sb
Date: lun feb  3 11:27:39 CET 2014
--git-dir=.git for-each-ref --format=%(refname:short) refs/tags refs/heads refs/remotes
Date: lun feb  3 11:28:15 CET 2014
--git-dir=.git for-each-ref --format=%(refname:short) refs/tags refs/heads refs/remotes
Date: lun feb  3 11:28:17 CET 2014
--git-dir=.git for-each-ref --format=%(refname:short) refs/tags refs/heads refs/remotes
Date: lun feb  3 11:28:18 CET 2014
--git-dir=.git for-each-ref --format=%(refname:short) refs/tags refs/heads refs/remotes
Date: lun feb  3 11:28:19 CET 2014
stash --help
Date: lun feb  3 11:29:04 CET 2014
stash
Date: lun feb  3 11:29:07 CET 2014
status -sb
Date: lun feb  3 11:29:09 CET 2014
stash show
Date: lun feb  3 11:29:22 CET 2014
status -sb
Date: lun feb  3 11:31:20 CET 2014
status -sb
Date: lun feb  3 11:58:36 CET 2014
status -sb
Date: lun feb  3 12:45:33 CET 2014
status -sb --porcelain
Date: lun feb  3 12:45:39 CET 2014
status -sb
Date: lun feb  3 13:06:25 CET 2014
status -sb
Date: lun feb  3 13:06:38 CET 2014
commit -am build.xml & phpdox.xml update for new version of phpdox
Date: lun feb  3 13:07:10 CET 2014
stash --help
Date: lun feb  3 13:07:22 CET 2014
stash drop
Date: lun feb  3 13:07:26 CET 2014
status -sb
Date: lun feb  3 13:07:27 CET 2014
remote -v
Date: lun feb  3 13:07:31 CET 2014
remote --help
Date: lun feb  3 13:08:05 CET 2014
remote remove origin
Date: lun feb  3 13:08:11 CET 2014
status -sb
Date: lun feb  3 13:08:13 CET 2014
checkout develop
Date: lun feb  3 13:08:17 CET 2014
status -sb
Date: lun feb  3 13:08:20 CET 2014
branch
Date: lun feb  3 13:08:35 CET 2014
branch --color
Date: lun feb  3 13:09:01 CET 2014
branch --color=never
Date: lun feb  3 13:09:13 CET 2014
status -sb
Date: lun feb  3 13:09:21 CET 2014
status -sb --porcelain
Date: lun feb  3 13:09:26 CET 2014
fetch origin master
Date: lun feb  3 13:11:23 CET 2014
pull origin master
Date: lun feb  3 13:11:27 CET 2014
fetch origin master
Date: lun feb  3 13:13:29 CET 2014
commit -am update homebrew install since github is returning the html view inste… from pantsb
Date: lun feb  3 13:14:03 CET 2014
clone https://github.com/guilu/dotfiles.git dotfiles
Date: lun feb  3 13:57:52 CET 2014
status
Date: lun feb  3 14:03:24 CET 2014
status
Date: lun feb  3 14:05:48 CET 2014
checkout .bash_profile
Date: lun feb  3 14:06:32 CET 2014
checkout .vim
Date: lun feb  3 14:07:47 CET 2014
checkout .bash_prompt
Date: lun feb  3 14:08:02 CET 2014
checkout .bashrc
Date: lun feb  3 14:08:05 CET 2014
--git-dir=.git for-each-ref --format=%(refname:short) refs/tags refs/heads refs/remotes
Date: lun feb  3 14:08:09 CET 2014
--git-dir=.git for-each-ref --shell --format=ref=%(refname:short) refs/remotes/
Date: lun feb  3 14:08:09 CET 2014
checkout .aliases
Date: lun feb  3 14:08:11 CET 2014
checkout .exports
Date: lun feb  3 14:08:22 CET 2014
status
Date: lun feb  3 14:19:21 CET 2014
checkout .brew
Date: lun feb  3 14:19:46 CET 2014
add .
Date: lun feb  3 14:22:54 CET 2014
status
Date: lun feb  3 14:23:00 CET 2014
commit -am mi nuevo dotfiles
Date: lun feb  3 14:23:34 CET 2014
push origin master
Date: lun feb  3 14:23:57 CET 2014
branch
Date: lunes,  3 de febrero de 2014, 14:31:57 CET
branch
Date: lunes,  3 de febrero de 2014, 14:31:59 CET
branch
Date: lunes,  3 de febrero de 2014, 14:32:31 CET
branch
Date: lunes,  3 de febrero de 2014, 14:32:32 CET
branch
Date: lunes,  3 de febrero de 2014, 14:32:34 CET
branch
Date: lunes,  3 de febrero de 2014, 14:32:45 CET
branch
Date: lunes,  3 de febrero de 2014, 14:32:46 CET
status -sb
Date: lun feb  3 17:43:58 CET 2014
status -sb
Date: lun feb  3 17:47:21 CET 2014
commit -am update 5
Date: lun feb  3 17:47:28 CET 2014
push origin master
Date: lun feb  3 17:47:39 CET 2014
log --graph --pretty=format:'%C(magenta)%h%C(reset) %C(yellow)%d%C(reset) %s - %C(blue)%cr%C(reset) %C(magenta bold)(%an)%C(reset)'
Date: lun feb  3 17:48:14 CET 2014
commit -am update 6
Date: lun feb  3 17:48:19 CET 2014
push origin master
Date: lun feb  3 17:48:32 CET 2014
commit -am update 7
Date: lun feb  3 18:03:05 CET 2014
push origin master
Date: lun feb  3 18:03:15 CET 2014
status -sb
Date: lun feb  3 18:14:50 CET 2014
status -sb
Date: lun feb  3 18:15:33 CET 2014
commit -am update 9
Date: lun feb  3 18:23:23 CET 2014
push origin master
Date: lun feb  3 18:23:31 CET 2014
commit -am update 9
Date: lun feb  3 18:26:15 CET 2014
push origin master
Date: lun feb  3 18:26:23 CET 2014
log --graph --pretty=format:'%C(magenta)%h%C(reset) %C(yellow)%d%C(reset) %s - %C(blue)%cr%C(reset) %C(magenta bold)(%an)%C(reset)'
Date: lun feb  3 18:28:15 CET 2014
log --graph --pretty=format:'%C(magenta)%h%C(reset) %C(yellow)%d%C(reset) %s - %C(blue)%cr%C(reset) %C(magenta bold)(%an)%C(reset)'
Date: lun feb  3 18:46:00 CET 2014
checkout 439824c
Date: lun feb  3 18:46:22 CET 2014
log --graph --pretty=format:'%C(magenta)%h%C(reset) %C(yellow)%d%C(reset) %s - %C(blue)%cr%C(reset) %C(magenta bold)(%an)%C(reset)'
Date: lun feb  3 18:49:04 CET 2014
checkout 8687c11
Date: lun feb  3 18:49:12 CET 2014
status -sb
Date: lun feb  3 18:52:32 CET 2014
commit -am update 10
Date: lun feb  3 18:52:38 CET 2014
add .
Date: lun feb  3 18:52:41 CET 2014
commit -am update 11
Date: lun feb  3 18:52:44 CET 2014
push origin master
Date: lun feb  3 18:52:52 CET 2014
config --global user.name Diego Barrio H
Date: lun feb  3 19:12:07 CET 2014
config --global user.email diegobarrioh@gmail.com
Date: lun feb  3 19:12:16 CET 2014
config --global user.name Diego Barrio H
Date: lun feb  3 19:15:30 CET 2014
config --global user.email diegobarrioh@gmail.com
Date: lun feb  3 19:15:30 CET 2014
config --global user.name Diego Barrio H
Date: lun feb  3 19:15:52 CET 2014
config --global user.email diegobarrioh@gmail.com
Date: lun feb  3 19:15:52 CET 2014
branch
Date: lun feb  3 19:19:40 CET 2014
--no-pager shortlog -sn --all
Date: lun feb  3 19:19:40 CET 2014
shortlog -sn --all
Date: lun feb  3 19:19:40 CET 2014
log --all --numstat --format=%n --author=Diego
Date: lun feb  3 19:19:40 CET 2014
log --all --numstat --format=%n --author=Diego
Date: lun feb  3 19:19:40 CET 2014
log --all --numstat --format=%n --author=Diego
Date: lun feb  3 19:19:40 CET 2014
log --all --merges --author=Diego
Date: lun feb  3 19:19:41 CET 2014
log --all --numstat --format=%n --author=Diego
Date: lun feb  3 19:19:41 CET 2014
log --all --numstat --format=%n --author=Diego
Date: lun feb  3 19:19:41 CET 2014
log --all --numstat --format=%n --author=Diego
Date: lun feb  3 19:19:41 CET 2014
log --all --merges --author=Diego
Date: lun feb  3 19:19:41 CET 2014
filter-branch --commit-filter if [ "$GIT_COMMITTER_NAME" = "$1" ]; then GIT_COMMITTER_NAME="$2"; GIT_AUTHOR_NAME="$2"; GIT_COMMITTER_EMAIL="$3"; GIT_AUTHOR_EMAIL="$3"; git commit-tree "$@"; else git commit-tree "$@"; fi HEAD
Date: lun feb  3 19:20:08 CET 2014
branch
Date: lun feb  3 19:20:14 CET 2014
--no-pager shortlog -sn --all
Date: lun feb  3 19:20:14 CET 2014
shortlog -sn --all
Date: lun feb  3 19:20:14 CET 2014
log --all --numstat --format=%n --author=Diego
Date: lun feb  3 19:20:14 CET 2014
log --all --numstat --format=%n --author=Diego
Date: lun feb  3 19:20:14 CET 2014
log --all --numstat --format=%n --author=Diego
Date: lun feb  3 19:20:14 CET 2014
log --all --merges --author=Diego
Date: lun feb  3 19:20:14 CET 2014
log --all --numstat --format=%n --author=Diego
Date: lun feb  3 19:20:14 CET 2014
log --all --numstat --format=%n --author=Diego
Date: lun feb  3 19:20:14 CET 2014
log --all --numstat --format=%n --author=Diego
Date: lun feb  3 19:20:14 CET 2014
log --all --merges --author=Diego
Date: lun feb  3 19:20:14 CET 2014
branch
Date: lun feb  3 19:24:13 CET 2014
--no-pager shortlog -sn --all
Date: lun feb  3 19:24:13 CET 2014
shortlog -sn --all
Date: lun feb  3 19:24:13 CET 2014
log --all --numstat --format=%n --author=Diego
Date: lun feb  3 19:24:13 CET 2014
log --all --numstat --format=%n --author=Diego
Date: lun feb  3 19:24:13 CET 2014
log --all --numstat --format=%n --author=Diego
Date: lun feb  3 19:24:13 CET 2014
log --all --merges --author=Diego
Date: lun feb  3 19:24:13 CET 2014
log --all --numstat --format=%n --author=Diego
Date: lun feb  3 19:24:13 CET 2014
log --all --numstat --format=%n --author=Diego
Date: lun feb  3 19:24:14 CET 2014
log --all --numstat --format=%n --author=Diego
Date: lun feb  3 19:24:14 CET 2014
log --all --merges --author=Diego
Date: lun feb  3 19:24:14 CET 2014
branch
Date: lun feb  3 19:25:04 CET 2014
--no-pager shortlog -sn --all
Date: lun feb  3 19:25:04 CET 2014
shortlog -sn --all
Date: lun feb  3 19:25:04 CET 2014
log --all --numstat --format=%n --author=Diego
Date: lun feb  3 19:25:05 CET 2014
log --all --numstat --format=%n --author=Diego
Date: lun feb  3 19:25:05 CET 2014
log --all --numstat --format=%n --author=Diego
Date: lun feb  3 19:25:05 CET 2014
log --all --merges --author=Diego
Date: lun feb  3 19:25:05 CET 2014
log --all --numstat --format=%n --author=Diego
Date: lun feb  3 19:25:05 CET 2014
log --all --numstat --format=%n --author=Diego
Date: lun feb  3 19:25:05 CET 2014
log --all --numstat --format=%n --author=Diego
Date: lun feb  3 19:25:05 CET 2014
log --all --merges --author=Diego
Date: lun feb  3 19:25:05 CET 2014
config --global user.name Diego Barrio H
Date: lun feb  3 19:25:29 CET 2014
config --global user.email diegobarrioh@gmail.com
Date: lun feb  3 19:25:29 CET 2014
branch
Date: lun feb  3 19:25:41 CET 2014
--no-pager shortlog -sn --all
Date: lun feb  3 19:25:41 CET 2014
shortlog -sn --all
Date: lun feb  3 19:25:42 CET 2014
log --all --numstat --format=%n --author=Diego
Date: lun feb  3 19:25:42 CET 2014
log --all --numstat --format=%n --author=Diego
Date: lun feb  3 19:25:42 CET 2014
log --all --numstat --format=%n --author=Diego
Date: lun feb  3 19:25:42 CET 2014
log --all --merges --author=Diego
Date: lun feb  3 19:25:42 CET 2014
log --all --numstat --format=%n --author=Diego
Date: lun feb  3 19:25:42 CET 2014
log --all --numstat --format=%n --author=Diego
Date: lun feb  3 19:25:42 CET 2014
log --all --numstat --format=%n --author=Diego
Date: lun feb  3 19:25:42 CET 2014
log --all --merges --author=Diego
Date: lun feb  3 19:25:42 CET 2014
filter-branch --env-filter if [ "$GIT_COMMITTER_NAME" = "$1" ]; then GIT_COMMITTER_NAME="$2"; GIT_COMMITTER_EMAIL="$3"; GIT_AUTHOR_NAME="$2"; GIT_AUTHOR_EMAIL="$3"; fi -- --all
Date: lun feb  3 19:26:22 CET 2014
branch
Date: lun feb  3 19:26:32 CET 2014
--no-pager shortlog -sn --all
Date: lun feb  3 19:26:32 CET 2014
shortlog -sn --all
Date: lun feb  3 19:26:32 CET 2014
log --all --numstat --format=%n --author=Diego
Date: lun feb  3 19:26:33 CET 2014
log --all --numstat --format=%n --author=Diego
Date: lun feb  3 19:26:33 CET 2014
log --all --numstat --format=%n --author=Diego
Date: lun feb  3 19:26:33 CET 2014
log --all --merges --author=Diego
Date: lun feb  3 19:26:33 CET 2014
log --all --numstat --format=%n --author=Diego
Date: lun feb  3 19:26:33 CET 2014
log --all --numstat --format=%n --author=Diego
Date: lun feb  3 19:26:33 CET 2014
log --all --numstat --format=%n --author=Diego
Date: lun feb  3 19:26:33 CET 2014
log --all --merges --author=Diego
Date: lun feb  3 19:26:37 CET 2014
log --graph --pretty=format:'%C(magenta)%h%C(reset) %C(yellow)%d%C(reset) %s - %C(blue)%cr%C(reset) %C(magenta bold)(%an)%C(reset)' 
Date: lun feb  3 19:27:02 CET 2014
filter-branch --force --env-filter if [ "$GIT_COMMITTER_NAME" = "$1" ]; then GIT_COMMITTER_NAME="$2"; GIT_COMMITTER_EMAIL="$3"; GIT_AUTHOR_NAME="$2"; GIT_AUTHOR_EMAIL="$3"; fi -- --all
Date: lun feb  3 19:27:16 CET 2014
filter-branch --force --env-filter if [ "$GIT_COMMITTER_NAME" = "$1" ]; then GIT_COMMITTER_NAME="$2"; GIT_COMMITTER_EMAIL="$3"; GIT_AUTHOR_NAME="$2"; GIT_AUTHOR_EMAIL="$3"; fi -- --all
Date: lun feb  3 19:27:28 CET 2014
log --graph --pretty=format:'%C(magenta)%h%C(reset) %C(yellow)%d%C(reset) %s - %C(blue)%cr%C(reset) %C(magenta bold)(%an)%C(reset)' 
Date: lun feb  3 19:27:44 CET 2014
branch
Date: lun feb  3 19:30:07 CET 2014
--no-pager shortlog -sn --all
Date: lun feb  3 19:30:07 CET 2014
shortlog -sn --all
Date: lun feb  3 19:30:07 CET 2014
log --all --numstat --format=%n --author=Diego
Date: lun feb  3 19:30:07 CET 2014
log --all --numstat --format=%n --author=Diego
Date: lun feb  3 19:30:07 CET 2014
log --all --numstat --format=%n --author=Diego
Date: lun feb  3 19:30:07 CET 2014
log --all --merges --author=Diego
Date: lun feb  3 19:30:07 CET 2014
log --all --numstat --format=%n --author=Diego
Date: lun feb  3 19:30:07 CET 2014
log --all --numstat --format=%n --author=Diego
Date: lun feb  3 19:30:07 CET 2014
log --all --numstat --format=%n --author=Diego
Date: lun feb  3 19:30:07 CET 2014
log --all --merges --author=Diego
Date: lun feb  3 19:30:07 CET 2014
filter-branch --force --env-filter if [ "$GIT_AUTHOR_NAME" = "$1" ]; then GIT_AUTHOR_NAME="$2"; GIT_AUTHOR_EMAIL="$3"; fi if [ "$GIT_COMMITTER_NAME" = "$1" ]; then GIT_COMMITTER_NAME="$2"; GIT_COMMITTER_EMAIL="$3"; fi -- --all
Date: lun feb  3 19:30:37 CET 2014
log --graph --pretty=format:'%C(magenta)%h%C(reset) %C(yellow)%d%C(reset) %s - %C(blue)%cr%C(reset) %C(magenta bold)(%an)%C(reset)' 
Date: lun feb  3 19:30:46 CET 2014
filter-branch --force --env-filter if [ "$GIT_AUTHOR_NAME" = "$1" ]; then GIT_AUTHOR_NAME="$2"; GIT_AUTHOR_EMAIL="$3"; fi if [ "$GIT_COMMITTER_NAME" = "$1" ]; then GIT_COMMITTER_NAME="$2"; GIT_COMMITTER_EMAIL="$3"; fi -- --all
Date: lun feb  3 19:30:57 CET 2014
help -a
Date: lun feb  3 19:32:56 CET 2014
--git-dir=.git config --get-regexp alias\..*
Date: lun feb  3 19:32:56 CET 2014
!f() { VAR=$1; OLD=$2; NEW=$3; shift 3; git filter-branch --env-filter "if [[ $`echo $VAR` = \"$OLD\" ]]; then export $VAR=\"$NEW\"; fi" $@; }; f GIT_AUTHOR_NAME Diego Barrio Diego Barrio H -- --all
Date: lun feb  3 19:33:39 CET 2014
log --graph --pretty=format:'%C(magenta)%h%C(reset) %C(yellow)%d%C(reset) %s - %C(blue)%cr%C(reset) %C(magenta bold)(%an)%C(reset)' 
Date: lun feb  3 19:33:48 CET 2014
!f() { VAR=$1; OLD=$2; NEW=$3; shift 3; git filter-branch --env-filter "if [[ $`echo $VAR` = \"$OLD\" ]]; then export $VAR=\"$NEW\"; fi" $@; }; f GIT_AUTHOR_NAME Diego Barrio H Diego Barrio -- --all
Date: lun feb  3 19:41:25 CET 2014
!f() { VAR=$1; OLD=$2; NEW=$3; shift 3; git filter-branch -f --env-filter "if [[ $`echo $VAR` = \"$OLD\" ]]; then export $VAR=\"$NEW\"; fi" $@; }; f GIT_AUTHOR_NAME Diego Barrio H Diego Barrio -- --all
Date: lun feb  3 19:42:45 CET 2014
!f() { VAR=$1; OLD=$2; NEW=$3; shift 3; git filter-branch -f --env-filter "if [[ $`echo $VAR` = \"$OLD\" ]]; then export $VAR=\"$NEW\"; fi" $@; }; f GIT_AUTHOR_NAME Diego Barrio H Diego Barrio -- --all
Date: lun feb  3 19:42:49 CET 2014
config --global user.name Diego Barrio H
Date: lun feb  3 19:44:35 CET 2014
config --global user.email diegobarrioh@gmail.com
Date: lun feb  3 19:44:35 CET 2014
help -a
Date: lun feb  3 19:44:41 CET 2014
--git-dir= config --get-regexp alias\..*
Date: lun feb  3 19:44:41 CET 2014
status -sb 
Date: mar feb  4 08:19:34 CET 2014
status -sb 
Date: mar feb  4 08:20:09 CET 2014
commit -am ~/bin en exports
Date: mar feb  4 08:20:21 CET 2014
push origin master 
Date: mar feb  4 08:20:31 CET 2014
add .
Date: mar feb  4 08:21:29 CET 2014
commit -am solarized en .vim
Date: mar feb  4 08:21:56 CET 2014
push origin master 
Date: mar feb  4 08:22:08 CET 2014
status -sb 
Date: mar feb  4 09:00:41 CET 2014
add .
Date: mar feb  4 09:00:43 CET 2014
status -sb 
Date: mar feb  4 09:04:07 CET 2014
commit -am el install
Date: mar feb  4 09:04:14 CET 2014
push origin master 
Date: mar feb  4 09:04:27 CET 2014
status -sb 
Date: mar feb  4 09:05:27 CET 2014
commit -am exclusiones en sync
Date: mar feb  4 09:05:33 CET 2014
push origin master 
Date: mar feb  4 09:05:40 CET 2014
status -sb 
Date: mar feb  4 09:56:08 CET 2014
commit -am apache_permissions
Date: mar feb  4 09:56:20 CET 2014
push origin master 
Date: mar feb  4 09:56:27 CET 2014
status -sb 
Date: mar feb  4 10:52:03 CET 2014
status -sb 
Date: mar feb  4 12:43:23 CET 2014
status -sb 
Date: mar feb  4 13:01:04 CET 2014
status -sb 
Date: mar feb  4 13:01:35 CET 2014
commit -am no quiero perder mis git-achivementes asi que apuntan aqui y los voy actualizando
Date: mar feb  4 13:02:01 CET 2014
status -sb 
Date: mar feb  4 13:02:04 CET 2014
commit -am los action tampoco
Date: mar feb  4 13:02:15 CET 2014
add .git-achievements-action.log
Date: mar feb  4 13:02:23 CET 2014
